# JRE version: OpenJDK Runtime Environment (17.0.7) (build 17.0.7+0-b2043.56-10550314)
# Java VM: OpenJDK 64-Bit Server VM (17.0.7+0-b2043.56-10550314, mixed mode, tiered, compressed oops, compressed class ptrs, g1 gc, windows-amd64)
GC Precious Log:
 CPUs: 8 total, 8 available
 Memory: 15761M
 Large Page Support: Disabled
 NUMA Support: Disabled
 Compressed Oops: Enabled (32-bit)
 Heap Region Size: 1M
 Heap Min Capacity: 8M
 Heap Initial Capacity: 248M
 Heap Max Capacity: 2G
 Pre-touch: Disabled
 Parallel Workers: 8
 Concurrent Workers: 2
 Concurrent Refinement Workers: 8
 Periodic GC: Disabled
Heap:
 garbage-first heap   total 253952K, used 78966K [0x0000000080000000, 0x0000000100000000)
  region size 1024K, 6 young (6144K), 6 survivors (6144K)
 Metaspace       used 84281K, committed 84992K, reserved 1179648K
  class space    used 11557K, committed 11904K, reserved 1048576K
GC Heap History (20 events):
Event: 8.329 GC heap after
{Heap after GC invocations=23 (full 0):
 garbage-first heap   total 94208K, used 54586K [0x0000000080000000, 0x0000000100000000)
  region size 1024K, 3 young (3072K), 3 survivors (3072K)
 Metaspace       used 64231K, committed 64768K, reserved 1114112K
  class space    used 8530K, committed 8768K, reserved 1048576K
}
Event: 8.540 GC heap before
{Heap before GC invocations=24 (full 0):
 garbage-first heap   total 116736K, used 81210K [0x0000000080000000, 0x0000000100000000)
  region size 1024K, 24 young (24576K), 3 survivors (3072K)
 Metaspace       used 65003K, committed 65472K, reserved 1114112K
  class space    used 8650K, committed 8832K, reserved 1048576K
}
Event: 8.543 GC heap after
{Heap after GC invocations=25 (full 0):
 garbage-first heap   total 116736K, used 57043K [0x0000000080000000, 0x0000000100000000)
  region size 1024K, 3 young (3072K), 3 survivors (3072K)
 Metaspace       used 65003K, committed 65472K, reserved 1114112K
  class space    used 8650K, committed 8832K, reserved 1048576K
}
Event: 8.572 GC heap before
{Heap before GC invocations=25 (full 0):
 garbage-first heap   total 116736K, used 58067K [0x0000000080000000, 0x0000000100000000)
  region size 1024K, 5 young (5120K), 3 survivors (3072K)
 Metaspace       used 65234K, committed 65728K, reserved 1114112K
  class space    used 8672K, committed 8896K, reserved 1048576K
}
Event: 8.574 GC heap after
{Heap after GC invocations=26 (full 0):
 garbage-first heap   total 140288K, used 56999K [0x0000000080000000, 0x0000000100000000)
  region size 1024K, 1 young (1024K), 1 survivors (1024K)
 Metaspace       used 65234K, committed 65728K, reserved 1114112K
  class space    used 8672K, committed 8896K, reserved 1048576K
}
Event: 9.112 GC heap before
{Heap before GC invocations=26 (full 0):
 garbage-first heap   total 140288K, used 101031K [0x0000000080000000, 0x0000000100000000)
  region size 1024K, 44 young (45056K), 1 survivors (1024K)
 Metaspace       used 68485K, committed 68992K, reserved 1114112K
  class space    used 9104K, committed 9344K, reserved 1048576K
}
Event: 9.115 GC heap after
{Heap after GC invocations=27 (full 0):
 garbage-first heap   total 140288K, used 59635K [0x0000000080000000, 0x0000000100000000)
  region size 1024K, 3 young (3072K), 3 survivors (3072K)
 Metaspace       used 68485K, committed 68992K, reserved 1114112K
  class space    used 9104K, committed 9344K, reserved 1048576K
}
Event: 9.490 GC heap before
{Heap before GC invocations=27 (full 0):
 garbage-first heap   total 140288K, used 103667K [0x0000000080000000, 0x0000000100000000)
  region size 1024K, 46 young (47104K), 3 survivors (3072K)
 Metaspace       used 69596K, committed 70208K, reserved 1114112K
  class space    used 9250K, committed 9536K, reserved 1048576K
}
Event: 9.495 GC heap after
{Heap after GC invocations=28 (full 0):
 garbage-first heap   total 140288K, used 62796K [0x0000000080000000, 0x0000000100000000)
  region size 1024K, 6 young (6144K), 6 survivors (6144K)
 Metaspace       used 69596K, committed 70208K, reserved 1114112K
  class space    used 9250K, committed 9536K, reserved 1048576K
}
Event: 9.933 GC heap before
{Heap before GC invocations=28 (full 0):
 garbage-first heap   total 140288K, used 107852K [0x0000000080000000, 0x0000000100000000)
  region size 1024K, 49 young (50176K), 6 survivors (6144K)
 Metaspace       used 72893K, committed 73472K, reserved 1114112K
  class space    used 9824K, committed 10112K, reserved 1048576K
}
Event: 9.938 GC heap after
{Heap after GC invocations=29 (full 0):
 garbage-first heap   total 140288K, used 64460K [0x0000000080000000, 0x0000000100000000)
  region size 1024K, 5 young (5120K), 5 survivors (5120K)
 Metaspace       used 72893K, committed 73472K, reserved 1114112K
  class space    used 9824K, committed 10112K, reserved 1048576K
}
Event: 10.525 GC heap before
{Heap before GC invocations=29 (full 0):
 garbage-first heap   total 140288K, used 109516K [0x0000000080000000, 0x0000000100000000)
  region size 1024K, 49 young (50176K), 5 survivors (5120K)
 Metaspace       used 76551K, committed 77056K, reserved 1179648K
  class space    used 10432K, committed 10688K, reserved 1048576K
}
Event: 10.530 GC heap after
{Heap after GC invocations=30 (full 0):
 garbage-first heap   total 140288K, used 67039K [0x0000000080000000, 0x0000000100000000)
  region size 1024K, 4 young (4096K), 4 survivors (4096K)
 Metaspace       used 76551K, committed 77056K, reserved 1179648K
  class space    used 10432K, committed 10688K, reserved 1048576K
}
Event: 11.042 GC heap before
{Heap before GC invocations=30 (full 0):
 garbage-first heap   total 140288K, used 112095K [0x0000000080000000, 0x0000000100000000)
  region size 1024K, 48 young (49152K), 4 survivors (4096K)
 Metaspace       used 80220K, committed 80768K, reserved 1179648K
  class space    used 11015K, committed 11264K, reserved 1048576K
}
Event: 11.047 GC heap after
{Heap after GC invocations=31 (full 0):
 garbage-first heap   total 140288K, used 69209K [0x0000000080000000, 0x0000000100000000)
  region size 1024K, 5 young (5120K), 5 survivors (5120K)
 Metaspace       used 80220K, committed 80768K, reserved 1179648K
  class space    used 11015K, committed 11264K, reserved 1048576K
}
Event: 11.527 GC heap before
{Heap before GC invocations=32 (full 0):
 garbage-first heap   total 140288K, used 113241K [0x0000000080000000, 0x0000000100000000)
  region size 1024K, 48 young (49152K), 5 survivors (5120K)
 Metaspace       used 83936K, committed 84608K, reserved 1179648K
  class space    used 11522K, committed 11840K, reserved 1048576K
}
Event: 11.533 GC heap after
{Heap after GC invocations=33 (full 0):
 garbage-first heap   total 140288K, used 72568K [0x0000000080000000, 0x0000000100000000)
  region size 1024K, 6 young (6144K), 6 survivors (6144K)
 Metaspace       used 83936K, committed 84608K, reserved 1179648K
  class space    used 11522K, committed 11840K, reserved 1048576K
}
Event: 11.538 GC heap before
{Heap before GC invocations=33 (full 0):
 garbage-first heap   total 140288K, used 73592K [0x0000000080000000, 0x0000000100000000)
  region size 1024K, 7 young (7168K), 6 survivors (6144K)
 Metaspace       used 83940K, committed 84608K, reserved 1179648K
  class space    used 11522K, committed 11840K, reserved 1048576K
}
Event: 11.544 GC heap after
{Heap after GC invocations=34 (full 0):
 garbage-first heap   total 140288K, used 72916K [0x0000000080000000, 0x0000000100000000)
  region size 1024K, 1 young (1024K), 1 survivors (1024K)
 Metaspace       used 83940K, committed 84608K, reserved 1179648K
  class space    used 11522K, committed 11840K, reserved 1048576K
}
Event: 11.797 GC heap before
{Heap before GC invocations=34 (full 0):
 garbage-first heap   total 140288K, used 113876K [0x0000000080000000, 0x0000000100000000)
  region size 1024K, 41 young (41984K), 1 survivors (1024K)
 Metaspace       used 84281K, committed 84992K, reserved 1179648K
  class space    used 11557K, committed 11904K, reserved 1048576K
}

