# JRE version: OpenJDK Runtime Environment (17.0.7) (build 17.0.7+0-b2043.56-10550314)
# Java VM: OpenJDK 64-Bit Server VM (17.0.7+0-b2043.56-10550314, mixed mode, tiered, compressed oops, compressed class ptrs, g1 gc, windows-amd64)
GC Precious Log:
 CPUs: 8 total, 8 available
 Memory: 15761M
 Large Page Support: Disabled
 NUMA Support: Disabled
 Compressed Oops: Enabled (32-bit)
 Heap Region Size: 1M
 Heap Min Capacity: 8M
 Heap Initial Capacity: 248M
 Heap Max Capacity: 2G
 Pre-touch: Disabled
 Parallel Workers: 8
 Concurrent Workers: 2
 Concurrent Refinement Workers: 8
 Periodic GC: Disabled
Heap:
 garbage-first heap   total 244736K, used 140206K [0x0000000080000000, 0x0000000100000000)
  region size 1024K, 16 young (16384K), 8 survivors (8192K)
 Metaspace       used 122200K, committed 123200K, reserved 1179648K
  class space    used 16797K, committed 17280K, reserved 1048576K
GC Heap History (20 events):
Event: 505.669 GC heap before
{Heap before GC invocations=29 (full 0):
 garbage-first heap   total 244736K, used 190559K [0x0000000080000000, 0x0000000100000000)
  region size 1024K, 96 young (98304K), 8 survivors (8192K)
 Metaspace       used 89885K, committed 90624K, reserved 1179648K
  class space    used 12275K, committed 12608K, reserved 1048576K
}
Event: 505.787 GC heap after
{Heap after GC invocations=30 (full 0):
 garbage-first heap   total 244736K, used 109523K [0x0000000080000000, 0x0000000100000000)
  region size 1024K, 8 young (8192K), 8 survivors (8192K)
 Metaspace       used 89885K, committed 90624K, reserved 1179648K
  class space    used 12275K, committed 12608K, reserved 1048576K
}
Event: 508.418 GC heap before
{Heap before GC invocations=30 (full 0):
 garbage-first heap   total 244736K, used 201683K [0x0000000080000000, 0x0000000100000000)
  region size 1024K, 92 young (94208K), 8 survivors (8192K)
 Metaspace       used 98196K, committed 98880K, reserved 1179648K
  class space    used 13272K, committed 13632K, reserved 1048576K
}
Event: 508.436 GC heap after
{Heap after GC invocations=31 (full 0):
 garbage-first heap   total 244736K, used 123618K [0x0000000080000000, 0x0000000100000000)
  region size 1024K, 12 young (12288K), 12 survivors (12288K)
 Metaspace       used 98196K, committed 98880K, reserved 1179648K
  class space    used 13272K, committed 13632K, reserved 1048576K
}
Event: 509.735 GC heap before
{Heap before GC invocations=31 (full 0):
 garbage-first heap   total 244736K, used 193250K [0x0000000080000000, 0x0000000100000000)
  region size 1024K, 81 young (82944K), 12 survivors (12288K)
 Metaspace       used 103488K, committed 104320K, reserved 1179648K
  class space    used 14025K, committed 14400K, reserved 1048576K
}
Event: 509.754 GC heap after
{Heap after GC invocations=32 (full 0):
 garbage-first heap   total 244736K, used 127704K [0x0000000080000000, 0x0000000100000000)
  region size 1024K, 7 young (7168K), 7 survivors (7168K)
 Metaspace       used 103488K, committed 104320K, reserved 1179648K
  class space    used 14025K, committed 14400K, reserved 1048576K
}
Event: 510.125 GC heap before
{Heap before GC invocations=32 (full 0):
 garbage-first heap   total 244736K, used 153304K [0x0000000080000000, 0x0000000100000000)
  region size 1024K, 34 young (34816K), 7 survivors (7168K)
 Metaspace       used 107185K, committed 107968K, reserved 1179648K
  class space    used 14529K, committed 14912K, reserved 1048576K
}
Event: 510.139 GC heap after
{Heap after GC invocations=33 (full 0):
 garbage-first heap   total 244736K, used 129141K [0x0000000080000000, 0x0000000100000000)
  region size 1024K, 2 young (2048K), 2 survivors (2048K)
 Metaspace       used 107185K, committed 107968K, reserved 1179648K
  class space    used 14529K, committed 14912K, reserved 1048576K
}
Event: 511.646 GC heap before
{Heap before GC invocations=34 (full 0):
 garbage-first heap   total 244736K, used 194677K [0x0000000080000000, 0x0000000100000000)
  region size 1024K, 71 young (72704K), 2 survivors (2048K)
 Metaspace       used 116506K, committed 117312K, reserved 1179648K
  class space    used 16128K, committed 16512K, reserved 1048576K
}
Event: 511.651 GC heap after
{Heap after GC invocations=35 (full 0):
 garbage-first heap   total 244736K, used 126541K [0x0000000080000000, 0x0000000100000000)
  region size 1024K, 3 young (3072K), 3 survivors (3072K)
 Metaspace       used 116506K, committed 117312K, reserved 1179648K
  class space    used 16128K, committed 16512K, reserved 1048576K
}
Event: 511.778 GC heap before
{Heap before GC invocations=35 (full 0):
 garbage-first heap   total 244736K, used 133709K [0x0000000080000000, 0x0000000100000000)
  region size 1024K, 11 young (11264K), 3 survivors (3072K)
 Metaspace       used 117515K, committed 118336K, reserved 1179648K
  class space    used 16242K, committed 16640K, reserved 1048576K
}
Event: 511.875 GC heap after
{Heap after GC invocations=36 (full 0):
 garbage-first heap   total 244736K, used 121791K [0x0000000080000000, 0x0000000100000000)
  region size 1024K, 2 young (2048K), 2 survivors (2048K)
 Metaspace       used 117515K, committed 118336K, reserved 1179648K
  class space    used 16242K, committed 16640K, reserved 1048576K
}
Event: 729.299 GC heap before
{Heap before GC invocations=36 (full 0):
 garbage-first heap   total 244736K, used 212927K [0x0000000080000000, 0x0000000100000000)
  region size 1024K, 79 young (80896K), 2 survivors (2048K)
 Metaspace       used 121335K, committed 122176K, reserved 1179648K
  class space    used 16728K, committed 17152K, reserved 1048576K
}
Event: 729.333 GC heap after
{Heap after GC invocations=37 (full 0):
 garbage-first heap   total 244736K, used 128950K [0x0000000080000000, 0x0000000100000000)
  region size 1024K, 9 young (9216K), 9 survivors (9216K)
 Metaspace       used 121335K, committed 122176K, reserved 1179648K
  class space    used 16728K, committed 17152K, reserved 1048576K
}
Event: 731.045 GC heap before
{Heap before GC invocations=38 (full 0):
 garbage-first heap   total 244736K, used 200630K [0x0000000080000000, 0x0000000100000000)
  region size 1024K, 78 young (79872K), 9 survivors (9216K)
 Metaspace       used 121589K, committed 122496K, reserved 1179648K
  class space    used 16745K, committed 17216K, reserved 1048576K
}
Event: 731.062 GC heap after
{Heap after GC invocations=39 (full 0):
 garbage-first heap   total 244736K, used 135302K [0x0000000080000000, 0x0000000100000000)
  region size 1024K, 5 young (5120K), 5 survivors (5120K)
 Metaspace       used 121589K, committed 122496K, reserved 1179648K
  class space    used 16745K, committed 17216K, reserved 1048576K
}
Event: 731.109 GC heap before
{Heap before GC invocations=39 (full 0):
 garbage-first heap   total 244736K, used 141446K [0x0000000080000000, 0x0000000100000000)
  region size 1024K, 11 young (11264K), 5 survivors (5120K)
 Metaspace       used 121629K, committed 122560K, reserved 1179648K
  class space    used 16754K, committed 17216K, reserved 1048576K
}
Event: 731.125 GC heap after
{Heap after GC invocations=40 (full 0):
 garbage-first heap   total 244736K, used 126428K [0x0000000080000000, 0x0000000100000000)
  region size 1024K, 1 young (1024K), 1 survivors (1024K)
 Metaspace       used 121629K, committed 122560K, reserved 1179648K
  class space    used 16754K, committed 17216K, reserved 1048576K
}
Event: 1070.251 GC heap before
{Heap before GC invocations=40 (full 0):
 garbage-first heap   total 244736K, used 213468K [0x0000000080000000, 0x0000000100000000)
  region size 1024K, 74 young (75776K), 1 survivors (1024K)
 Metaspace       used 122163K, committed 123136K, reserved 1179648K
  class space    used 16792K, committed 17280K, reserved 1048576K
}
Event: 1070.354 GC heap after
{Heap after GC invocations=41 (full 0):
 garbage-first heap   total 244736K, used 133038K [0x0000000080000000, 0x0000000100000000)
  region size 1024K, 8 young (8192K), 8 survivors (8192K)
 Metaspace       used 122163K, committed 123136K, reserved 1179648K
  class space    used 16792K, committed 17280K, reserved 1048576K
}

